<beans xmlns="http://www.springframework.org/schema/beans"
	xmlns:context="http://www.springframework.org/schema/context"
	xmlns:aop="http://www.springframework.org/schema/aop"
	 xmlns:mvc="http://www.springframework.org/schema/mvc"
	xmlns:xsi="http://www.w3.org/2001/XMLSchema-instance"
	xmlns:jdbc="http://www.springframework.org/schema/jdbc"
	
	xmlns:tx="http://www.springframework.org/schema/tx"
	xsi:schemaLocation="
http://www.springframework.org/schema/beans
http://www.springframework.org/schema/beans/spring-beans-3.0.xsd
 http://www.springframework.org/schema/mvc 
http://www.springframework.org/schema/mvc/spring-mvc.xsd
http://www.springframework.org/schema/aop 
http://www.springframework.org/schema/aop/spring-aop-3.0.xsd
http://www.springframework.org/schema/context
http://www.springframework.org/schema/context/spring-context-3.0.xsd
http://www.springframework.org/schema/tx
http://www.springframework.org/schema/tx/spring-tx-3.0.xsd
http://www.springframework.org/schema/jdbc http://www.springframework.org/schema/jdbc/spring-jdbc-3.0.xsd">
<context:component-scan base-package="com.base.database,com.expatserve.base" />

<jdbc:embedded-database id="dataSource" type="HSQL">
<jdbc:script location="classpath:db/create-db.sql" />
</jdbc:embedded-database>


<!-- Hibernate Session Factory  -->
    <bean id="sessionFactory" class="org.springframework.orm.hibernate3.annotation.AnnotationSessionFactoryBean">
        <property name="dataSource" ref="dataSource" />

        <!-- Hibernate configuration -->
        <property name="hibernateProperties">
            <props>
                <prop key="hibernate.dialect">org.hibernate.dialect.HSQLDialect</prop>
                <prop key="hibernate.hbm2ddl.auto">true</prop>
                <prop key="hibernate.show_sql">true</prop>
            </props>
        </property>

        <!-- The packages that contain our Hibernate model classes -->
        <!-- <property name="packagesToScan">
            <list>
                <value>com.geekcap.gtd.model</value>
            </list>
        </property> -->
        <property name="annotatedClasses">
			<list>
				<value>com.base.database.AppUser</value>
				<value>com.base.database.ProductVO</value>
				<value>com.base.database.CarsVO</value>
				<value>com.base.database.CarsSpecVO</value>
				<value>com.expatserve.base.vo.PersonVO</value>
				<value>com.expatserve.base.vo.HouseVO</value>
			</list>
		</property>
    </bean>

  <bean id="transactionManager"
		class="org.springframework.orm.hibernate3.HibernateTransactionManager">
		<property name="sessionFactory" ref="sessionFactory"></property>
	</bean>
	
	<tx:advice id="txAdvice">
		<tx:attributes>
			  <tx:method name="*" propagation="REQUIRED"/>
		</tx:attributes>
	</tx:advice>

	<aop:config proxy-target-class="true">
		<aop:pointcut id="transactionServicePointCut"
			expression="execution(* com.expatserve.base.service.*.*(..))" />
		<aop:advisor advice-ref="txAdvice" pointcut-ref="transactionServicePointCut" />
	</aop:config>

</beans>
